{"level":"info","message":"Connected to mongodb://localhost/messa : 12/8/2020, 3:28:18 PM "}
{"level":"info","message":"Connected to mongodb://localhost/messa : 12/8/2020, 3:46:37 PM "}
{"level":"info","message":"Connected to mongodb://localhost/messa : 12/8/2020, 3:59:15 PM "}
{"level":"info","message":"Connected to mongodb://localhost/messa : 12/8/2020, 3:59:24 PM "}
{"level":"info","message":"Connected to mongodb://localhost/messa : 12/8/2020, 3:59:36 PM "}
{"level":"info","message":"Connected to mongodb://localhost/messa : 12/8/2020, 4:04:35 PM "}
{"level":"info","message":"Connected to mongodb://localhost/messa : 12/8/2020, 4:04:43 PM "}
{"level":"info","message":"Connected to mongodb://localhost/messa : 12/8/2020, 4:06:33 PM "}
{"level":"info","message":"Connected to mongodb://localhost/messa : 12/8/2020, 4:07:00 PM "}
{"level":"info","message":"Connected to mongodb://localhost/messa : 12/8/2020, 4:08:27 PM "}
{"level":"info","message":"Connected to mongodb://localhost/messa : 12/8/2020, 4:08:33 PM "}
{"level":"info","message":"Connected to mongodb://localhost/messa : 12/8/2020, 4:10:11 PM "}
{"level":"info","message":"Connected to mongodb://localhost/messa : 12/8/2020, 4:11:00 PM "}
{"level":"info","message":"Connected to mongodb://localhost/messa : 12/8/2020, 4:11:20 PM "}
{"level":"info","message":"Connected to mongodb://localhost/messa : 12/8/2020, 4:11:32 PM "}
{"level":"info","message":"Connected to mongodb://localhost/messa : 12/8/2020, 4:12:20 PM "}
{"level":"info","message":"Connected to mongodb://localhost/messa : 12/8/2020, 4:12:53 PM "}
{"level":"info","message":"Connected to mongodb://localhost/messa : 12/8/2020, 4:13:35 PM "}
{"level":"info","message":"Connected to mongodb://localhost/messa : 12/8/2020, 4:13:50 PM "}
{"level":"info","message":"Connected to mongodb://localhost/messa : 12/8/2020, 4:14:08 PM "}
{"level":"info","message":"Connected to mongodb://localhost/messa : 12/8/2020, 4:14:29 PM "}
{"level":"info","message":"Connected to mongodb://localhost/messa : 12/8/2020, 4:14:45 PM "}
{"level":"info","message":"Connected to mongodb://localhost/messa : 12/8/2020, 4:14:56 PM "}
{"level":"info","message":"Connected to mongodb://localhost/messa : 12/8/2020, 4:15:13 PM "}
{"level":"info","message":"Connected to mongodb://localhost/messa : 12/8/2020, 4:15:33 PM "}
{"level":"info","message":"Connected to mongodb://localhost/messa : 12/8/2020, 4:16:00 PM "}
{"level":"info","message":"Connected to mongodb://localhost/messa : 12/8/2020, 4:16:15 PM "}
{"level":"info","message":"Connected to mongodb://localhost/messa : 12/8/2020, 4:16:22 PM "}
{"level":"info","message":"Connected to mongodb://localhost/messa : 12/8/2020, 4:17:10 PM "}
{"level":"info","message":"Connected to mongodb://localhost/messa : 12/8/2020, 4:17:13 PM "}
{"level":"info","message":"Connected to mongodb://localhost/messa : 12/8/2020, 4:17:40 PM "}
{"level":"info","message":"Connected to mongodb://localhost/messa : 12/8/2020, 4:18:08 PM "}
{"level":"info","message":"Connected to mongodb://localhost/messa : 12/8/2020, 4:18:21 PM "}
{"level":"info","message":"Connected to mongodb://localhost/messa : 12/8/2020, 4:18:34 PM "}
{"level":"info","message":"Connected to mongodb://localhost/messa : 12/8/2020, 4:37:23 PM "}
{"level":"info","message":"Connected to mongodb://localhost/messa : 12/8/2020, 4:37:48 PM "}
{"level":"info","message":"Connected to mongodb://localhost/messa : 12/8/2020, 4:40:27 PM "}
{"level":"info","message":"Connected to mongodb://localhost/messa : 12/8/2020, 4:42:05 PM "}
{"level":"info","message":"Connected to mongodb://localhost/messa : 12/8/2020, 4:42:36 PM "}
{"level":"info","message":"Connected to mongodb://localhost/messa : 12/8/2020, 4:46:09 PM "}
{"level":"info","message":"Connected to mongodb://localhost/messa : 12/8/2020, 4:46:30 PM "}
{"level":"info","message":"Connected to mongodb://localhost/messa : 12/8/2020, 4:49:44 PM "}
{"level":"info","message":"Connected to mongodb://localhost/messa : 12/8/2020, 4:52:26 PM "}
{"level":"info","message":"Connected to mongodb://localhost/messa : 12/8/2020, 4:54:21 PM "}
{"level":"info","message":"Connected to mongodb://localhost/messa : 12/8/2020, 4:54:25 PM "}
{"level":"info","message":"Connected to mongodb://localhost/messa : 12/8/2020, 4:54:41 PM "}
{"level":"info","message":"Connected to mongodb://localhost/messa : 12/8/2020, 4:56:01 PM "}
{"level":"info","message":"Connected to mongodb://localhost/messa : 12/8/2020, 4:58:43 PM "}
{"level":"info","message":"Connected to mongodb://localhost/messa : 12/8/2020, 4:59:21 PM "}
{"level":"info","message":"Connected to mongodb://localhost/messa : 12/8/2020, 5:01:16 PM "}
{"level":"info","message":"Connected to mongodb://localhost/messa : 12/8/2020, 5:01:22 PM "}
{"level":"info","message":"Connected to mongodb://localhost/messa : 12/8/2020, 5:02:05 PM "}
{"level":"info","message":"Connected to mongodb://localhost/messa : 12/8/2020, 5:02:58 PM "}
{"level":"info","message":"Connected to mongodb://localhost/messa : 12/8/2020, 5:03:52 PM "}
{"level":"info","message":"Connected to mongodb://localhost/messa : 12/8/2020, 5:05:58 PM "}
{"level":"info","message":"Connected to mongodb://localhost/messa : 12/8/2020, 5:06:06 PM "}
{"level":"info","message":"Connected to mongodb://localhost/messa : 12/8/2020, 5:06:15 PM "}
{"level":"info","message":"Connected to mongodb://localhost/messa : 12/8/2020, 5:06:22 PM "}
{"level":"info","message":"Connected to mongodb://localhost/messa : 12/8/2020, 5:06:29 PM "}
{"level":"info","message":"Connected to mongodb://localhost/messa : 12/8/2020, 5:07:37 PM "}
{"level":"info","message":"Connected to mongodb://localhost/messa : 12/8/2020, 5:11:06 PM "}
{"level":"info","message":"Connected to mongodb://localhost/messa : 12/8/2020, 5:14:14 PM "}
{"level":"info","message":"Connected to mongodb://localhost/messa : 12/8/2020, 5:22:54 PM "}
{"level":"info","message":"Connected to mongodb://localhost/messa : 12/8/2020, 5:23:04 PM "}
{"level":"info","message":"Connected to mongodb://localhost/messa : 12/8/2020, 5:25:59 PM "}
{"level":"info","message":"Connected to mongodb://localhost/messa : 12/8/2020, 5:27:34 PM "}
{"level":"info","message":"Connected to mongodb://localhost/messa : 12/8/2020, 5:28:21 PM "}
{"level":"info","message":"Connected to mongodb://localhost/messa : 12/8/2020, 5:37:23 PM "}
{"level":"info","message":"Connected to mongodb://localhost/messa : 12/8/2020, 5:38:10 PM "}
{"level":"info","message":"Connected to mongodb://localhost/messa : 12/8/2020, 5:38:17 PM "}
{"level":"info","message":"Connected to mongodb://localhost/messa : 12/8/2020, 5:40:32 PM "}
{"level":"info","message":"Connected to mongodb://localhost/messa : 12/10/2020, 3:30:04 PM "}
{"level":"info","message":"Connected to mongodb://localhost/messa : 12/10/2020, 4:04:19 PM "}
{"level":"info","message":"Connected to mongodb://localhost/messa : 12/10/2020, 4:36:52 PM "}
{"level":"info","message":"Connected to mongodb://localhost/messa : 12/10/2020, 4:39:15 PM "}
{"level":"info","message":"Connected to mongodb://localhost/messa : 12/10/2020, 4:39:23 PM "}
{"level":"info","message":"Connected to mongodb://localhost/messa : 12/10/2020, 4:39:37 PM "}
{"level":"info","message":"Connected to mongodb://localhost/messa : 12/10/2020, 4:39:54 PM "}
{"level":"info","message":"Connected to mongodb://localhost/messa : 12/10/2020, 4:40:21 PM "}
{"level":"info","message":"Connected to mongodb://localhost/messa : 12/10/2020, 4:43:50 PM "}
{"level":"info","message":"Connected to mongodb://localhost/messa : 12/10/2020, 4:44:47 PM "}
{"level":"info","message":"Connected to mongodb://localhost/messa : 12/10/2020, 4:44:53 PM "}
{"level":"info","message":"Connected to mongodb://localhost/messa : 12/10/2020, 4:45:00 PM "}
{"level":"info","message":"Connected to mongodb://localhost/messa : 12/10/2020, 4:45:57 PM "}
{"level":"info","message":"Connected to mongodb://localhost/messa : 12/10/2020, 4:57:31 PM "}
{"level":"info","message":"Connected to mongodb://localhost/messa : 12/10/2020, 4:57:35 PM "}
{"level":"info","message":"Connected to mongodb://localhost/messa : 12/10/2020, 4:59:12 PM "}
{"level":"info","message":"Connected to mongodb://localhost/messa : 12/10/2020, 4:59:17 PM "}
{"level":"info","message":"Connected to mongodb://localhost/messa : 12/10/2020, 4:59:29 PM "}
{"level":"info","message":"Connected to mongodb://localhost/messa : 12/10/2020, 4:59:42 PM "}
{"level":"info","message":"Connected to mongodb://localhost/messa : 12/10/2020, 5:00:04 PM "}
{"level":"info","message":"Connected to mongodb://localhost/messa : 12/10/2020, 5:01:00 PM "}
{"level":"info","message":"Connected to mongodb://localhost/messa : 12/10/2020, 5:02:01 PM "}
{"level":"info","message":"Connected to mongodb://localhost/messa : 12/10/2020, 5:08:49 PM "}
{"level":"info","message":"Connected to mongodb://localhost/messa : 12/10/2020, 5:09:11 PM "}
{"level":"info","message":"Connected to mongodb://localhost/messa : 12/10/2020, 5:09:18 PM "}
{"level":"info","message":"Connected to mongodb://localhost/messa : 12/10/2020, 5:10:26 PM "}
{"level":"info","message":"Connected to mongodb://localhost/messa : 12/10/2020, 5:11:15 PM "}
{"level":"info","message":"Connected to mongodb://localhost/messa : 12/10/2020, 5:11:20 PM "}
{"level":"info","message":"Connected to mongodb://localhost/messa : 12/10/2020, 5:11:25 PM "}
{"level":"info","message":"Connected to mongodb://localhost/messa : 12/10/2020, 5:11:52 PM "}
{"level":"info","message":"Connected to mongodb://localhost/messa : 12/10/2020, 5:11:57 PM "}
{"level":"info","message":"Connected to mongodb://localhost/messa : 12/10/2020, 5:16:41 PM "}
{"level":"info","message":"Connected to mongodb://localhost/messa : 12/10/2020, 5:16:55 PM "}
{"level":"info","message":"Connected to mongodb://localhost/messa : 12/10/2020, 5:17:10 PM "}
{"level":"info","message":"Connected to mongodb://localhost/messa : 12/10/2020, 5:22:21 PM "}
{"level":"info","message":"Connected to mongodb://localhost/messa : 12/10/2020, 5:22:39 PM "}
{"level":"info","message":"Connected to mongodb://localhost/messa : 12/10/2020, 5:22:43 PM "}
{"level":"info","message":"Connected to mongodb://localhost/messa : 12/10/2020, 5:23:11 PM "}
{"level":"info","message":"Connected to mongodb://localhost/messa : 12/10/2020, 5:23:44 PM "}
{"level":"info","message":"Connected to mongodb://localhost/messa : 12/10/2020, 5:26:52 PM "}
{"level":"info","message":"Connected to mongodb://localhost/messa : 12/10/2020, 7:45:06 PM "}
{"level":"info","message":"Connected to mongodb://localhost/messa : 12/10/2020, 7:45:29 PM "}
{"level":"info","message":"Connected to mongodb://localhost/messa : 12/10/2020, 7:59:09 PM "}
{"level":"info","message":"Connected to mongodb://localhost/messa : 12/10/2020, 7:59:17 PM "}
{"level":"info","message":"Connected to mongodb://localhost/messa : 12/10/2020, 8:00:15 PM "}
{"level":"info","message":"Connected to mongodb://localhost/messa : 12/10/2020, 8:07:51 PM "}
{"level":"info","message":"Connected to mongodb://localhost/messa : 12/10/2020, 8:08:41 PM "}
{"level":"info","message":"Connected to mongodb://localhost/messa : 12/10/2020, 8:13:24 PM "}
{"level":"info","message":"Connected to mongodb://localhost/messa : 12/10/2020, 8:14:06 PM "}
{"level":"info","message":"Connected to mongodb://localhost/messa : 12/10/2020, 8:14:34 PM "}
{"level":"info","message":"Connected to mongodb://localhost/messa : 12/10/2020, 8:14:48 PM "}
{"level":"info","message":"Connected to mongodb://localhost/messa : 12/10/2020, 8:15:14 PM "}
{"level":"info","message":"Connected to mongodb://localhost/messa : 12/10/2020, 8:15:54 PM "}
{"level":"info","message":"Connected to mongodb://localhost/messa : 12/10/2020, 8:16:33 PM "}
{"level":"info","message":"Connected to mongodb://localhost/messa : 12/10/2020, 8:16:48 PM "}
{"level":"info","message":"Connected to mongodb://localhost/messa : 12/10/2020, 8:17:02 PM "}
{"level":"info","message":"Connected to mongodb://localhost/messa : 12/10/2020, 8:18:04 PM "}
{"level":"info","message":"Connected to mongodb://localhost/messa : 12/10/2020, 8:32:25 PM "}
{"level":"info","message":"Connected to mongodb://localhost/messa : 12/10/2020, 8:33:15 PM "}
{"level":"info","message":"Connected to mongodb://localhost/messa : 12/10/2020, 8:33:48 PM "}
{"level":"info","message":"Connected to mongodb://localhost/messa : 12/10/2020, 8:33:52 PM "}
{"level":"info","message":"Connected to mongodb://localhost/messa : 12/10/2020, 8:34:22 PM "}
{"level":"info","message":"Connected to mongodb://localhost/messa : 12/10/2020, 8:34:55 PM "}
{"level":"info","message":"Connected to mongodb://localhost/messa : 12/10/2020, 8:36:03 PM "}
{"level":"info","message":"Connected to mongodb://localhost/messa : 12/10/2020, 8:36:10 PM "}
{"level":"info","message":"Connected to mongodb://localhost/messa : 12/10/2020, 8:36:14 PM "}
{"level":"info","message":"Connected to mongodb://localhost/messa : 12/10/2020, 8:37:29 PM "}
{"level":"info","message":"Connected to mongodb://localhost/messa : 12/10/2020, 8:38:25 PM "}
{"level":"info","message":"Connected to mongodb://localhost/messa : 12/10/2020, 8:38:57 PM "}
{"level":"info","message":"Connected to mongodb://localhost/messa : 12/10/2020, 8:40:47 PM "}
{"level":"info","message":"Connected to mongodb://localhost/messa : 12/10/2020, 8:41:31 PM "}
{"level":"info","message":"Connected to mongodb://localhost/messa : 12/10/2020, 8:42:07 PM "}
{"level":"info","message":"Connected to mongodb://localhost/messa : 12/10/2020, 8:42:48 PM "}
{"level":"info","message":"Connected to mongodb://localhost/messa : 12/10/2020, 8:43:21 PM "}
{"level":"info","message":"Connected to mongodb://localhost/messa : 12/10/2020, 8:43:32 PM "}
{"level":"info","message":"Connected to mongodb://localhost/messa : 12/10/2020, 8:44:04 PM "}
{"level":"info","message":"Connected to mongodb://localhost/messa : 12/10/2020, 8:45:00 PM "}
{"level":"info","message":"Connected to mongodb://localhost/messa : 12/10/2020, 8:45:18 PM "}
{"level":"info","message":"Connected to mongodb://localhost/messa : 12/10/2020, 8:45:33 PM "}
{"level":"info","message":"Connected to mongodb://localhost/messa : 12/10/2020, 8:45:54 PM "}
{"level":"info","message":"Connected to mongodb://localhost/messa : 12/10/2020, 8:49:40 PM "}
{"level":"info","message":"Connected to mongodb://localhost/messa : 12/10/2020, 8:50:02 PM "}
{"level":"info","message":"Connected to mongodb://localhost/messa : 12/10/2020, 9:04:39 PM "}
{"level":"info","message":"Connected to mongodb://localhost/messa : 12/10/2020, 9:06:33 PM "}
{"level":"info","message":"Connected to mongodb://localhost/messa : 12/10/2020, 9:06:44 PM "}
{"level":"info","message":"Connected to mongodb://localhost/messa : 12/10/2020, 9:06:53 PM "}
{"level":"info","message":"Connected to mongodb://localhost/messa : 12/11/2020, 12:49:56 PM "}
{"level":"info","message":"Connected to mongodb://localhost/messa : 12/11/2020, 12:51:59 PM "}
{"level":"info","message":"Connected to mongodb://localhost/messa : 12/11/2020, 12:53:55 PM "}
{"level":"info","message":"Connected to mongodb://localhost/messa : 12/11/2020, 12:54:19 PM "}
{"level":"info","message":"Connected to mongodb://localhost/messa : 12/11/2020, 12:54:33 PM "}
{"level":"info","message":"Connected to mongodb://localhost/messa : 12/11/2020, 12:56:06 PM "}
{"level":"info","message":"Connected to mongodb://localhost/messa : 12/11/2020, 12:58:25 PM "}
{"level":"info","message":"Connected to mongodb://localhost/messa : 12/11/2020, 12:58:33 PM "}
{"level":"info","message":"Connected to mongodb://localhost/messa : 12/11/2020, 12:58:53 PM "}
{"level":"info","message":"Connected to mongodb://localhost/messa : 12/11/2020, 1:00:21 PM "}
{"level":"info","message":"Connected to mongodb://localhost/messa : 12/11/2020, 1:00:31 PM "}
{"level":"info","message":"Connected to mongodb://localhost/messa : 12/11/2020, 1:00:38 PM "}
{"level":"info","message":"Connected to mongodb://localhost/messa : 12/11/2020, 1:01:52 PM "}
{"level":"info","message":"Connected to mongodb://localhost/messa : 12/11/2020, 1:03:17 PM "}
{"level":"info","message":"Connected to mongodb://localhost/messa : 12/11/2020, 1:03:31 PM "}
{"level":"info","message":"Connected to mongodb://localhost/messa : 12/11/2020, 1:03:39 PM "}
{"level":"info","message":"Connected to mongodb://localhost/messa : 12/11/2020, 1:03:51 PM "}
{"level":"info","message":"Connected to mongodb://localhost/messa : 12/11/2020, 1:04:03 PM "}
{"level":"info","message":"Connected to mongodb://localhost/messa : 12/11/2020, 1:04:17 PM "}
{"level":"info","message":"Connected to mongodb://localhost/messa : 12/11/2020, 1:04:25 PM "}
{"level":"info","message":"Connected to mongodb://localhost/messa : 12/11/2020, 1:04:44 PM "}
{"level":"info","message":"Connected to mongodb://localhost/messa : 12/11/2020, 1:05:15 PM "}
{"level":"info","message":"Connected to mongodb://localhost/messa : 12/11/2020, 1:05:24 PM "}
{"level":"info","message":"Connected to mongodb://localhost/messa : 12/11/2020, 1:06:30 PM "}
{"level":"info","message":"Connected to mongodb://localhost/messa : 12/11/2020, 1:06:43 PM "}
{"level":"info","message":"Connected to mongodb://localhost/messa : 12/11/2020, 1:06:57 PM "}
{"level":"info","message":"Connected to mongodb://localhost/messa : 12/11/2020, 1:08:07 PM "}
{"level":"info","message":"Connected to mongodb://localhost/messa : 12/11/2020, 1:08:38 PM "}
{"level":"info","message":"Connected to mongodb://localhost/messa : 12/11/2020, 1:09:27 PM "}
{"level":"info","message":"Connected to mongodb://localhost/messa : 12/11/2020, 1:09:45 PM "}
{"level":"info","message":"Connected to mongodb://localhost/messa : 12/11/2020, 1:10:04 PM "}
{"level":"info","message":"Connected to mongodb://localhost/messa : 12/11/2020, 1:10:31 PM "}
{"level":"info","message":"Connected to mongodb://localhost/messa : 12/11/2020, 1:10:48 PM "}
{"level":"info","message":"Connected to mongodb://localhost/messa : 12/11/2020, 1:11:18 PM "}
{"level":"info","message":"Connected to mongodb://localhost/messa : 12/11/2020, 1:13:29 PM "}
{"level":"info","message":"Connected to mongodb://localhost/messa : 12/11/2020, 1:13:36 PM "}
{"level":"info","message":"Connected to mongodb://localhost/messa : 12/11/2020, 1:15:16 PM "}
{"level":"info","message":"Connected to mongodb://localhost/messa : 12/11/2020, 1:15:26 PM "}
{"level":"info","message":"Connected to mongodb://localhost/messa : 12/11/2020, 1:16:35 PM "}
{"level":"info","message":"Connected to mongodb://localhost/messa : 12/11/2020, 1:20:23 PM "}
{"level":"info","message":"Connected to mongodb://localhost/messa : 12/11/2020, 1:22:37 PM "}
{"level":"info","message":"Connected to mongodb://localhost/messa : 12/11/2020, 1:24:57 PM "}
{"level":"info","message":"Connected to mongodb://localhost/messa : 12/11/2020, 1:25:05 PM "}
{"level":"info","message":"Connected to mongodb://localhost/messa : 12/11/2020, 1:25:13 PM "}
{"level":"info","message":"Connected to mongodb://localhost/messa : 12/11/2020, 1:25:27 PM "}
{"level":"info","message":"Connected to mongodb://localhost/messa : 12/11/2020, 1:29:47 PM "}
{"level":"info","message":"Connected to mongodb://localhost/messa : 12/11/2020, 1:30:00 PM "}
{"level":"info","message":"Connected to mongodb://localhost/messa : 12/11/2020, 1:30:19 PM "}
{"level":"info","message":"Connected to mongodb://localhost/messa : 12/11/2020, 1:30:33 PM "}
{"level":"info","message":"Connected to mongodb://localhost/messa : 12/11/2020, 1:30:40 PM "}
{"level":"info","message":"Connected to mongodb://localhost/messa : 12/11/2020, 1:50:11 PM "}
{"level":"info","message":"Connected to mongodb://localhost/messa : 12/11/2020, 1:51:27 PM "}
{"level":"info","message":"Connected to mongodb://localhost/messa : 12/11/2020, 2:05:09 PM "}
{"level":"info","message":"Connected to mongodb://localhost/messa : 12/11/2020, 2:05:24 PM "}
{"level":"info","message":"Connected to mongodb://localhost/messa : 12/11/2020, 2:05:26 PM "}
{"level":"info","message":"Connected to mongodb://localhost/messa : 12/11/2020, 2:05:39 PM "}
{"level":"info","message":"Connected to mongodb://localhost/messa : 12/11/2020, 2:05:44 PM "}
{"level":"info","message":"Connected to mongodb://localhost/messa : 12/11/2020, 2:07:21 PM "}
{"level":"info","message":"Connected to mongodb://localhost/messa : 12/11/2020, 11:11:56 AM "}
{"level":"info","message":"Connected to mongodb://localhost/messa : 12/11/2020, 11:11:58 AM "}
{"level":"info","message":"Connected to mongodb://localhost/messa : 12/11/2020, 11:12:04 AM "}
{"level":"info","message":"Connected to mongodb://localhost/messa : 12/11/2020, 11:27:17 AM "}
{"level":"info","message":"Connected to mongodb://localhost/messa : 12/11/2020, 11:32:23 AM "}
{"level":"info","message":"Connected to mongodb://localhost/messa : 12/11/2020, 11:47:39 AM "}
{"level":"info","message":"Connected to mongodb://localhost/messa : 12/12/2020 11:07:59 "}
{"level":"info","message":"Connected to mongodb://localhost/messa : 12/12/2020 11:17:31 "}
{"level":"info","message":"Connected to mongodb://localhost/messa : 12/12/2020 11:21:23 "}
{"level":"info","message":"Connected to mongodb://localhost/messa : 12/12/2020 11:23:30 "}
{"level":"info","message":"Connected to mongodb://localhost/messa : 12/12/2020 11:23:34 "}
{"level":"info","message":"Connected to mongodb://localhost/messa : 12/12/2020 11:23:43 "}
{"level":"info","message":"Connected to mongodb://localhost/messa : 12/12/2020 11:23:57 "}
{"level":"info","message":"Connected to mongodb+srv://user:messa1985@cluster0.89non.mongodb.net/messa?retryWrites=true&w=majority : 12/12/2020 11:24:44 "}
{"level":"info","message":"Connected to mongodb+srv://user:messa1985@cluster0.89non.mongodb.net/messa?retryWrites=true&w=majority : 12/12/2020 11:25:31 "}
{"level":"info","message":"Connected to mongodb+srv://user:messa1985@cluster0.89non.mongodb.net/messa?retryWrites=true&w=majority : 12/12/2020 11:57:18 "}
{"level":"info","message":"Connected to mongodb+srv://user:messa1985@cluster0.89non.mongodb.net/messa?retryWrites=true&w=majority : 12/12/2020 12:27:21 "}
{"level":"info","message":"Connected to mongodb+srv://user:messa1985@cluster0.89non.mongodb.net/messa?retryWrites=true&w=majority : 12/12/2020 12:32:20 "}
{"level":"info","message":"Connected to mongodb+srv://user:messa1985@cluster0.89non.mongodb.net/messa?retryWrites=true&w=majority : 12/12/2020 12:33:39 "}
{"level":"info","message":"Connected to mongodb+srv://user:messa1985@cluster0.89non.mongodb.net/messa?retryWrites=true&w=majority : 12/12/2020 12:35:41 "}
{"level":"info","message":"Connected to mongodb+srv://user:messa1985@cluster0.89non.mongodb.net/messa?retryWrites=true&w=majority : 12/12/2020 12:37:03 "}
{"level":"info","message":"Connected to mongodb+srv://user:messa1985@cluster0.89non.mongodb.net/messa?retryWrites=true&w=majority : 12/12/2020 12:37:21 "}
{"level":"info","message":"Connected to mongodb+srv://user:messa1985@cluster0.89non.mongodb.net/messa?retryWrites=true&w=majority : 12/12/2020 12:38:50 "}
{"level":"info","message":"Connected to mongodb+srv://user:messa1985@cluster0.89non.mongodb.net/messa?retryWrites=true&w=majority : 12/12/2020 12:39:29 "}
{"level":"info","message":"Connected to mongodb+srv://user:messa1985@cluster0.89non.mongodb.net/messa?retryWrites=true&w=majority : 12/12/2020 12:40:16 "}
{"level":"info","message":"Connected to mongodb+srv://user:messa1985@cluster0.89non.mongodb.net/messa?retryWrites=true&w=majority : 12/12/2020 12:40:20 "}
{"level":"info","message":"Connected to mongodb+srv://user:messa1985@cluster0.89non.mongodb.net/messa?retryWrites=true&w=majority : 12/12/2020 12:41:35 "}
{"level":"info","message":"Connected to mongodb+srv://user:messa1985@cluster0.89non.mongodb.net/messa?retryWrites=true&w=majority : 12/12/2020 12:42:05 "}
{"level":"info","message":"Connected to mongodb+srv://user:messa1985@cluster0.89non.mongodb.net/messa?retryWrites=true&w=majority : 12/12/2020 12:43:16 "}
{"level":"info","message":"Connected to mongodb+srv://user:messa1985@cluster0.89non.mongodb.net/messa?retryWrites=true&w=majority : 12/12/2020 12:44:22 "}
{"level":"info","message":"Connected to mongodb+srv://user:messa1985@cluster0.89non.mongodb.net/messa?retryWrites=true&w=majority : 12/12/2020 12:44:45 "}
{"level":"info","message":"Connected to mongodb+srv://user:messa1985@cluster0.89non.mongodb.net/messa?retryWrites=true&w=majority : 12/12/2020 12:45:00 "}
{"level":"info","message":"Connected to mongodb+srv://user:messa1985@cluster0.89non.mongodb.net/messa?retryWrites=true&w=majority : 12/12/2020 12:45:45 "}
{"level":"info","message":"Connected to mongodb+srv://user:messa1985@cluster0.89non.mongodb.net/messa?retryWrites=true&w=majority : 12/12/2020 12:46:17 "}
{"level":"info","message":"Connected to mongodb+srv://user:messa1985@cluster0.89non.mongodb.net/messa?retryWrites=true&w=majority : 12/12/2020 12:46:33 "}
{"level":"info","message":"Connected to mongodb+srv://user:messa1985@cluster0.89non.mongodb.net/messa?retryWrites=true&w=majority : 12/12/2020 12:47:13 "}
{"level":"info","message":"Connected to mongodb+srv://user:messa1985@cluster0.89non.mongodb.net/messa?retryWrites=true&w=majority : 12/12/2020 12:49:05 "}
{"level":"info","message":"Connected to mongodb+srv://user:messa1985@cluster0.89non.mongodb.net/messa?retryWrites=true&w=majority : 12/12/2020 12:57:34 "}
{"level":"info","message":"Connected to mongodb+srv://user:messa1985@cluster0.89non.mongodb.net/messa?retryWrites=true&w=majority : 12/16/2020, 9:19:25 AM "}
{"level":"info","message":"Connected to mongodb+srv://user:messa1985@cluster0.89non.mongodb.net/messa?retryWrites=true&w=majority : 12/16/2020, 9:30:42 AM "}
{"level":"info","message":"Connected to mongodb+srv://user:messa1985@cluster0.89non.mongodb.net/messa?retryWrites=true&w=majority : 12/16/2020, 9:58:57 AM "}
{"level":"info","message":"Connected to mongodb+srv://user:messa1985@cluster0.89non.mongodb.net/messa?retryWrites=true&w=majority : 12/16/2020, 10:25:12 AM "}
{"level":"info","message":"Connected to mongodb+srv://user:messa1985@cluster0.89non.mongodb.net/messa?retryWrites=true&w=majority : 12/16/2020, 10:53:55 AM "}
{"level":"info","message":"Connected to mongodb+srv://user:messa1985@cluster0.89non.mongodb.net/messa?retryWrites=true&w=majority : 12/16/2020, 11:31:44 AM "}
{"level":"info","message":"Connected to mongodb+srv://user:messa1985@cluster0.89non.mongodb.net/messa?retryWrites=true&w=majority : 12/16/2020, 11:33:39 AM "}
{"level":"info","message":"Connected to mongodb+srv://user:messa1985@cluster0.89non.mongodb.net/messa?retryWrites=true&w=majority : 12/16/2020, 11:34:45 AM "}
{"level":"info","message":"Connected to mongodb+srv://user:messa1985@cluster0.89non.mongodb.net/messa?retryWrites=true&w=majority : 12/16/2020, 11:36:05 AM "}
{"level":"info","message":"Connected to mongodb+srv://user:messa1985@cluster0.89non.mongodb.net/messa?retryWrites=true&w=majority : 12/16/2020, 11:36:59 AM "}
{"level":"info","message":"Connected to mongodb+srv://user:messa1985@cluster0.89non.mongodb.net/messa?retryWrites=true&w=majority : 12/16/2020, 11:37:56 AM "}
