{"level":"info","message":"Connected to DB...!"}
{"level":"info","message":"Connected to DB...!"}
{"level":"info","message":"Connected to DB...!"}
{"level":"info","message":"Connected to DB...!"}
{"level":"info","message":"Connected to DB...!"}
{"level":"info","message":"Connected to DB...!"}
{"level":"info","message":"Connected to DB...!"}
{"level":"info","message":"Connected to DB...! Wed Dec 02 2020 15:52:18 GMT-0300 (Brasilia Standard Time)"}
{"level":"info","message":"Connected to DB...! 12/2/2020, 3:53:29 PM"}
{"level":"info","message":"Connected to DB...! 12/2/2020, 3:55:17 PM"}
{"level":"info","message":"Connected to DB...! 12/2/2020, 3:55:24 PM"}
{"level":"info","message":"Connected to DB...! 12/2/2020, 3:56:15 PM"}
{"level":"info","message":"Connected to mongodb://localhost/messa "}
{"level":"info","message":"Connected to mongodb://localhost/messa : 12/2/2020, 4:02:04 PM "}
{"level":"info","message":"Connected to mongodb://localhost/messa : 12/2/2020, 4:02:13 PM "}
{"level":"info","message":"Connected to mongodb://localhost/messa : 12/2/2020, 4:03:02 PM "}
{"level":"info","message":"Connected to mongodb://localhost/messa : 12/2/2020, 4:03:07 PM "}
{"level":"info","message":"Connected to mongodb://localhost/messa : 12/2/2020, 4:07:39 PM "}
{"level":"info","message":"Connected to mongodb://localhost/messa_tests : 12/2/2020, 4:10:50 PM "}
{"level":"info","message":"Connected to mongodb://localhost/messa_tests : 12/2/2020, 4:10:53 PM "}
{"level":"info","message":"Connected to mongodb://localhost/messa_tests : 12/2/2020, 4:14:54 PM "}
{"level":"info","message":"Connected to mongodb://localhost/messa_tests : 12/2/2020, 4:15:17 PM "}
{"level":"info","message":"Connected to mongodb://localhost/messa_tests : 12/2/2020, 4:15:46 PM "}
{"level":"info","message":"Connected to mongodb://localhost/messa_tests : 12/2/2020, 4:15:54 PM "}
{"level":"info","message":"Connected to mongodb://localhost/messa_tests : 12/2/2020, 4:16:26 PM "}
{"level":"info","message":"Connected to mongodb://localhost/messa_tests : 12/2/2020, 4:19:52 PM "}
{"level":"info","message":"Connected to mongodb://localhost/messa_tests : 12/2/2020, 4:21:30 PM "}
{"level":"info","message":"Connected to mongodb://localhost/messa_tests : 12/2/2020, 4:25:12 PM "}
{"level":"info","message":"Connected to mongodb://localhost/messa_tests : 12/2/2020, 4:25:55 PM "}
{"level":"info","message":"Connected to mongodb://localhost/messa_tests : 12/2/2020, 4:26:14 PM "}
{"level":"info","message":"Connected to mongodb://localhost/messa_tests : 12/2/2020, 4:26:43 PM "}
{"level":"info","message":"Connected to mongodb://localhost/messa_tests : 12/2/2020, 4:27:24 PM "}
{"level":"info","message":"Connected to mongodb://localhost/messa_tests : 12/2/2020, 4:27:41 PM "}
{"level":"info","message":"Connected to mongodb://localhost/messa_tests : 12/2/2020, 4:29:45 PM "}
{"level":"info","message":"Connected to mongodb://localhost/messa : 12/2/2020, 4:30:31 PM "}
{"level":"info","message":"Connected to mongodb://localhost/messa_tests : 12/2/2020, 4:33:01 PM "}
{"level":"info","message":"Connected to mongodb://localhost/messa_tests : 12/2/2020, 4:33:37 PM "}
{"level":"info","message":"Connected to mongodb://localhost/messa_tests : 12/2/2020, 4:34:09 PM "}
{"level":"info","message":"Connected to mongodb://localhost/messa_tests : 12/2/2020, 4:35:00 PM "}
{"level":"info","message":"Connected to mongodb://localhost/messa_tests : 12/2/2020, 4:36:10 PM "}
{"level":"info","message":"Connected to mongodb://localhost/messa : 12/2/2020, 4:36:16 PM "}
{"level":"info","message":"Connected to mongodb://localhost/messa : 12/2/2020, 4:39:48 PM "}
{"level":"info","message":"Connected to mongodb://localhost/messa : 12/2/2020, 4:40:36 PM "}
{"level":"info","message":"Connected to mongodb://localhost/messa : 12/2/2020, 4:40:50 PM "}
{"level":"info","message":"Connected to mongodb://localhost/messa : 12/2/2020, 4:41:37 PM "}
{"level":"info","message":"Connected to mongodb://localhost/messa : 12/2/2020, 4:42:05 PM "}
{"level":"info","message":"Connected to mongodb://localhost/messa : 12/2/2020, 4:42:15 PM "}
{"level":"info","message":"Connected to mongodb://localhost/messa : 12/2/2020, 4:42:24 PM "}
{"level":"info","message":"Connected to mongodb://localhost/messa : 12/2/2020, 4:42:43 PM "}
{"level":"info","message":"Connected to mongodb://localhost/messa : 12/2/2020, 4:44:09 PM "}
{"level":"info","message":"Connected to mongodb://localhost/messa : 12/2/2020, 4:44:25 PM "}
{"level":"info","message":"Connected to mongodb://localhost/messa_tests : 12/2/2020, 4:44:43 PM "}
{"level":"info","message":"Connected to mongodb://localhost/messa_tests : 12/2/2020, 4:44:46 PM "}
{"level":"info","message":"Connected to mongodb://localhost/messa_tests : 12/2/2020, 4:45:41 PM "}
{"level":"info","message":"Connected to mongodb://localhost/messa_tests : 12/2/2020, 4:46:31 PM "}
{"level":"info","message":"Connected to mongodb://localhost/messa_tests : 12/2/2020, 4:47:43 PM "}
{"level":"info","message":"Connected to mongodb://localhost/messa_tests : 12/2/2020, 4:48:22 PM "}
{"level":"info","message":"Connected to mongodb://localhost/messa_tests : 12/2/2020, 4:49:26 PM "}
{"level":"info","message":"Connected to mongodb://localhost/messa_tests : 12/2/2020, 4:50:07 PM "}
{"level":"info","message":"Connected to mongodb://localhost/messa_tests : 12/2/2020, 4:50:21 PM "}
{"level":"info","message":"Connected to mongodb://localhost/messa_tests : 12/2/2020, 4:50:35 PM "}
{"level":"info","message":"Connected to mongodb://localhost/messa_tests : 12/2/2020, 4:51:09 PM "}
{"level":"info","message":"Connected to mongodb://localhost/messa_tests : 12/2/2020, 4:53:16 PM "}
{"level":"info","message":"Connected to mongodb://localhost/messa_tests : 12/2/2020, 4:53:21 PM "}
{"level":"info","message":"Connected to mongodb://localhost/messa_tests : 12/2/2020, 4:55:09 PM "}
{"level":"info","message":"Connected to mongodb://localhost/messa_tests : 12/2/2020, 4:55:23 PM "}
{"level":"info","message":"Connected to mongodb://localhost/messa_tests : 12/2/2020, 4:55:57 PM "}
{"level":"info","message":"Connected to mongodb://localhost/messa_tests : 12/2/2020, 4:56:12 PM "}
{"level":"info","message":"Connected to mongodb://localhost/messa_tests : 12/2/2020, 4:56:23 PM "}
{"level":"info","message":"Connected to mongodb://localhost/messa_tests : 12/2/2020, 4:57:31 PM "}
{"level":"info","message":"Connected to mongodb://localhost/messa_tests : 12/2/2020, 4:57:50 PM "}
{"level":"info","message":"Connected to mongodb://localhost/messa_tests : 12/2/2020, 4:57:59 PM "}
{"level":"info","message":"Connected to mongodb://localhost/messa_tests : 12/2/2020, 5:00:22 PM "}
{"level":"info","message":"Connected to mongodb://localhost/messa_tests : 12/2/2020, 5:00:57 PM "}
{"level":"info","message":"Connected to mongodb://localhost/messa_tests : 12/2/2020, 5:02:41 PM "}
{"level":"info","message":"Connected to mongodb://localhost/messa_tests : 12/2/2020, 5:03:47 PM "}
{"level":"info","message":"Connected to mongodb://localhost/messa_tests : 12/2/2020, 5:06:34 PM "}
{"level":"info","message":"Connected to mongodb://localhost/messa_tests : 12/2/2020, 5:06:53 PM "}
{"level":"info","message":"Connected to mongodb://localhost/messa_tests : 12/2/2020, 5:10:04 PM "}
{"level":"info","message":"Connected to mongodb://localhost/messa_tests : 12/2/2020, 5:10:48 PM "}
{"level":"info","message":"Connected to mongodb://localhost/messa_tests : 12/2/2020, 5:10:52 PM "}
{"level":"info","message":"Connected to mongodb://localhost/messa : 12/4/2020, 4:54:48 PM "}
{"level":"info","message":"Connected to mongodb://localhost/messa : 12/4/2020, 5:07:14 PM "}
{"level":"info","message":"Connected to mongodb://localhost/messa : 12/4/2020, 5:14:12 PM "}
{"level":"info","message":"Connected to mongodb://localhost/messa : 12/4/2020, 5:14:22 PM "}
